[2019-09-30T11:59:09.455Z] info Show All Companies
[2019-09-30T12:07:22.582Z] info Show All Companies
[2019-09-30T12:47:09.512Z] info /stocks/
[2019-09-30T12:47:28.935Z] info /companies/20MICRONS
[2019-10-01T05:44:46.606Z] info /stocks/AHLUCONT
[2019-10-01T05:44:57.215Z] info /companies
[2019-10-01T05:45:00.487Z] info /companies
[2019-10-01T05:45:20.262Z] info /companies
[2019-10-01T05:45:32.398Z] info /companies/
[2019-10-01T05:46:08.202Z] info /favicon.ico
[2019-10-01T05:46:19.041Z] info /favicon.ico
[2019-10-01T05:46:26.850Z] info /favicon.ico
[2019-10-01T05:47:20.121Z] info /favicon.ico
[2019-10-01T05:47:22.708Z] info /companies/21STCENMGM
[2019-10-01T05:48:12.243Z] info /favicon.ico
[2019-10-01T05:48:14.464Z] info /favicon.ico
[2019-10-01T05:48:47.419Z] info /favicon.ico
[2019-10-01T05:48:49.583Z] info /favicon.ico
[2019-10-01T05:48:50.808Z] info /favicon.ico
[2019-10-01T05:48:50.977Z] info /favicon.ico
[2019-10-01T05:52:07.451Z] info /companies/21STCENMGM
[2019-10-01T05:52:07.745Z] info /favicon.ico
[2019-10-01T05:52:09.127Z] info /companies/21STCENMGM
[2019-10-01T05:52:18.267Z] info /companies/21STCENMGM
[2019-10-01T05:52:18.491Z] info /companies/21STCENMGM
[2019-10-01T05:52:18.653Z] info /companies/21STCENMGM
[2019-10-01T05:54:13.319Z] info /companies
[2019-10-01T05:59:38.002Z] info /companies
[2019-10-01T06:03:40.480Z] info /companies
[2019-10-01T06:04:20.089Z] info /companies
[2019-10-01T06:05:49.364Z] info /companies
[2019-10-01T06:06:31.024Z] info /companies
[2019-10-01T06:07:09.420Z] info /companies
[2019-10-01T06:08:04.892Z] info /companies
[2019-10-01T06:09:16.886Z] info /companies
[2019-10-01T06:20:15.854Z] info /companies
[2019-10-01T06:20:24.460Z] info /companies
[2019-10-01T06:20:52.778Z] info /companies
[2019-10-01T06:22:38.513Z] info /companies
[2019-10-01T06:22:47.215Z] info /companies
[2019-10-01T06:23:16.699Z] info /companies
[2019-10-01T06:23:28.701Z] info /companies
[2019-10-01T06:23:41.855Z] info /companies
[2019-10-01T06:23:51.740Z] info /companies
[2019-10-01T06:24:11.327Z] info /companies
[2019-10-01T06:24:49.706Z] info /companies
[2019-10-01T06:25:17.551Z] info /companies
[2019-10-01T06:25:24.717Z] info /companies
[2019-10-01T06:26:00.530Z] info /stocks/20MICRONS
[2019-10-01T06:28:10.886Z] info /stocks/20MICRONS
[2019-10-01T06:28:43.834Z] info /company/20MICRONS
[2019-10-01T06:28:56.224Z] info /companies/20MICRONS
[2019-10-01T06:29:23.635Z] info /companies/
[2019-10-01T06:31:18.832Z] info /companies/20MICRONS
[2019-10-01T06:32:23.995Z] info /companies/20MICRONS
[2019-10-01T06:37:07.326Z] info /companies/
[2019-10-01T06:37:22.127Z] info /companies/
[2019-10-01T06:37:32.720Z] info /companies/
[2019-10-01T06:38:00.863Z] info /companies/
[2019-10-01T06:38:09.938Z] info /companies/
[2019-10-01T06:45:00.795Z] info /stocks
[2019-10-01T06:45:12.066Z] info /stocks
[2019-10-01T06:47:32.463Z] info /stocks/1
[2019-10-01T06:47:45.730Z] info /stocks/1
[2019-10-01T06:48:32.351Z] info /stocks/1
[2019-10-01T06:48:38.670Z] info /stocks/1
[2019-10-01T09:11:22.681Z] info /stocks/1
[2019-10-01T09:12:56.021Z] info /stocks/1
[2019-10-01T09:13:12.953Z] info /stocks/1
[2019-10-01T09:13:51.712Z] info /stocks/1
[2019-10-01T09:14:09.716Z] info /stocks/1
[2019-10-01T09:15:03.146Z] info /stocks/1
[2019-10-01T09:15:46.129Z] info /stocks/1
[2019-10-01T09:18:00.420Z] info /stocks/000
[2019-10-01T09:20:27.455Z] info /companies/000
[2019-10-01T09:35:37.500Z] info /companies/000
[2019-10-01T09:36:12.479Z] info /companies/000
[2019-10-01T09:36:36.787Z] info /companies/000
[2019-10-01T09:36:47.311Z] info /companies/000
[2019-10-01T09:37:05.778Z] info /companies/000
[2019-10-01T09:38:12.682Z] info /companies/000
[2019-10-01T09:38:32.900Z] info /companies/000
[2019-10-01T09:40:58.275Z] info password authentication failed for user "postgre"
[2019-10-01T09:41:46.509Z] error password authentication failed for user "postgre"
[2019-10-01T09:45:18.348Z] error password authentication failed for user "postgre"
[2019-10-01T09:46:43.784Z] error password authentication failed for user "postgre"
[2019-10-01T09:47:26.883Z] error password authentication failed for user "postgre"
[2019-10-01T09:47:31.232Z] error password authentication failed for user "postgre"
[2019-10-01T09:47:47.516Z] error password authentication failed for user "postgre"
[2019-10-02T06:22:40.184Z] info /companies
[2019-10-03T03:37:30.264Z] info /stocks/AHLUCONT%20?token=eyJhbGciOiJIUzI1NiIsInR5cCI6IkpXVCJ9.eyJlbWFpbCI6ImFtaXRrdW50YWwxOTk4QGdtYWlsLmNvbSIsInVzZXJuYW1lIjoiQW1pdCIsInNleCI6Ik0iLCJpYXQiOjE1NzAwNzM3MTcsImV4cCI6MTU3MDA3NzMxN30.IFm5wimyghC0JneUhT43ZdqK4bC4hray03M4UlX0gIw
[2019-10-03T03:37:55.403Z] info /stocks/AHLUCONT%20?token=eyJhbGciOiJIUzI1NiIsInR5cCI6IkpXVCJ9.eyJlbWFpbCI6ImFtaXRrdW50YWwxOTk4QGdtYWlsLmNvbSIsInVzZXJuYW1lIjoiQW1pdCIsInNleCI6Ik0iLCJpYXQiOjE1NzAwNzM3MTcsImV4cCI6MTU3MDA3NzMxN30.IFm5wimyghC0JneUhT43ZdqK4bC4hray03M4UlX0gIw
[2019-10-03T03:49:42.450Z] info /stocks/AHLUCONT%20?token=eyJhbGciOiJIUzI1NiIsInR5cCI6IkpXVCJ9.eyJlbWFpbCI6ImFtaXRrdW50YWwxOTk4QGdtYWlsLmNvbSIsInVzZXJuYW1lIjoiQW1pdCIsInNleCI6Ik0iLCJpYXQiOjE1NzAwNzM3MTcsImV4cCI6MTU3MDA3NzMxN30.IFm5wimyghC0JneUhT43ZdqK4bC4hray03M4UlX0gIw
[2019-10-03T03:50:07.781Z] info /companies%20?token=eyJhbGciOiJIUzI1NiIsInR5cCI6IkpXVCJ9.eyJlbWFpbCI6ImFtaXRrdW50YWwxOTk4QGdtYWlsLmNvbSIsInVzZXJuYW1lIjoiQW1pdCIsInNleCI6Ik0iLCJpYXQiOjE1NzAwNzM3MTcsImV4cCI6MTU3MDA3NzMxN30.IFm5wimyghC0JneUhT43ZdqK4bC4hray03M4UlX0gIw
[2019-10-03T03:50:07.782Z] error undefined
[2019-10-03T03:50:16.843Z] info /companies?token=eyJhbGciOiJIUzI1NiIsInR5cCI6IkpXVCJ9.eyJlbWFpbCI6ImFtaXRrdW50YWwxOTk4QGdtYWlsLmNvbSIsInVzZXJuYW1lIjoiQW1pdCIsInNleCI6Ik0iLCJpYXQiOjE1NzAwNzM3MTcsImV4cCI6MTU3MDA3NzMxN30.IFm5wimyghC0JneUhT43ZdqK4bC4hray03M4UlX0gIw
[2019-10-03T03:50:34.380Z] info /companies/20MICRONS?token=eyJhbGciOiJIUzI1NiIsInR5cCI6IkpXVCJ9.eyJlbWFpbCI6ImFtaXRrdW50YWwxOTk4QGdtYWlsLmNvbSIsInVzZXJuYW1lIjoiQW1pdCIsInNleCI6Ik0iLCJpYXQiOjE1NzAwNzM3MTcsImV4cCI6MTU3MDA3NzMxN30.IFm5wimyghC0JneUhT43ZdqK4bC4hray03M4UlX0gIw
[2019-10-03T05:51:41.306Z] info /companies/20MICRONS?token=eyJhbGciOiJIUzI1NiIsInR5cCI6IkpXVCJ9.eyJlbWFpbCI6ImFtaXRrdW50YWwxOTk4QGdtYWlsLmNvbSIsInVzZXJuYW1lIjoiQW1pdCIsInNleCI6Ik0iLCJpYXQiOjE1NzAwODE4NjEsImV4cCI6MTU3MDA4NTQ2MX0.e-mUTwPFiXm0Y3-aJkaLF2yZV35UWzO4y9ecArtnazM
[2019-10-03T05:56:32.185Z] info /companies/20MICRONS?token=eyJhbGciOiJIUzI1NiIsInR5cCI6IkpXVCJ9.eyJlbWFpbCI6ImFtaXRrdW50YWwxOTk4QGdtYWlsLmNvbSIsInVzZXJuYW1lIjoiQW1pdCIsInNleCI6Ik0iLCJpYXQiOjE1NzAwODE4NjEsImV4cCI6MTU3MDA4NTQ2MX0.e-mUTwPFiXm0Y3-aJkaLF2yZV35UWzO4y9ecArtnazM
[2019-10-03T05:56:33.897Z] info /companies/20MICRONS?token=eyJhbGciOiJIUzI1NiIsInR5cCI6IkpXVCJ9.eyJlbWFpbCI6ImFtaXRrdW50YWwxOTk4QGdtYWlsLmNvbSIsInVzZXJuYW1lIjoiQW1pdCIsInNleCI6Ik0iLCJpYXQiOjE1NzAwODE4NjEsImV4cCI6MTU3MDA4NTQ2MX0.e-mUTwPFiXm0Y3-aJkaLF2yZV35UWzO4y9ecArtnazM
[2019-10-03T05:56:38.103Z] info /companies/?token=eyJhbGciOiJIUzI1NiIsInR5cCI6IkpXVCJ9.eyJlbWFpbCI6ImFtaXRrdW50YWwxOTk4QGdtYWlsLmNvbSIsInVzZXJuYW1lIjoiQW1pdCIsInNleCI6Ik0iLCJpYXQiOjE1NzAwODE4NjEsImV4cCI6MTU3MDA4NTQ2MX0.e-mUTwPFiXm0Y3-aJkaLF2yZV35UWzO4y9ecArtnazM
[2019-10-03T06:53:04.424Z] info /companies/?token=eyJhbGciOiJIUzI1NiIsInR5cCI6IkpXVCJ9.eyJlbWFpbCI6ImFtaXQua3VudGFsQG1vdW50Ymx1ZS5pbyIsInVzZXJuYW1lIjoiQW1pdCIsInNleCI6Ik0iLCJpYXQiOjE1NzAwODQ2ODgsImV4cCI6MTU3MDA4ODI4OH0.KrS4q3tF85NFQbmdUJMVFm9n4q9Ajab9kur7TtiKwN8
[2019-10-03T06:53:22.020Z] info /companies/?token=eyJhbGciOiJIUzI1NiIsInR5cCI6IkpXVCJ9.eyJlbWFpbCI6ImFtaXQua3VudGFsQG1vdW50Ymx1ZS5pbyIsInVzZXJuYW1lIjoiQW1pdCIsInNleCI6Ik0iLCJpYXQiOjE1NzAwODQ2ODgsImV4cCI6MTU3MDA4ODI4OH0.KrS4q3tF85NFQbmdUJMVFm9n4q9Ajab9kur7TtiKwN8
[2019-10-03T06:54:01.564Z] info /companies/?token=eyJhbGciOiJIUzI1NiIsInR5cCI6IkpXVCJ9.eyJlbWFpbCI6ImFtaXQua3VudGFsQG1vdW50Ymx1ZS5pbyIsInVzZXJuYW1lIjoiQW1pdCIsInNleCI6Ik0iLCJpYXQiOjE1NzAwODQ2ODgsImV4cCI6MTU3MDA4ODI4OH0.KrS4q3tF85NFQbmdUJMVFm9n4q9Ajab9kur7TtiKwN8
[2019-10-04T05:47:53.742Z] info /companies/20MICRONS?token=eyJhbGciOiJIUzI1NiIsInR5cCI6IkpXVCJ9.eyJlbWFpbCI6ImFtaXQua3VudGFsMTk5N0Btb3VudGJsdWUuaW8iLCJ1c2VybmFtZSI6IkFtaXQiLCJzZXgiOiJNIiwiaWF0IjoxNTcwMTY3OTU0LCJleHAiOjE1NzAxNzE1NTR9.pVz3ky-OSq1ZUrbnK1Cyz8ysmfxytoPALieFv5fQONs
[2019-10-04T05:49:11.263Z] info /stocks/20MICRONS?token=eyJhbGciOiJIUzI1NiIsInR5cCI6IkpXVCJ9.eyJlbWFpbCI6ImFtaXQua3VudGFsMTk5N0Btb3VudGJsdWUuaW8iLCJ1c2VybmFtZSI6IkFtaXQiLCJzZXgiOiJNIiwiaWF0IjoxNTcwMTY3OTU0LCJleHAiOjE1NzAxNzE1NTR9.pVz3ky-OSq1ZUrbnK1Cyz8ysmfxytoPALieFv5fQONs
[2019-10-04T05:50:01.792Z] info /stocks/20MICRONS?token=eyJhbGciOiJIUzI1NiIsInR5cCI6IkpXVCJ9.eyJlbWFpbCI6ImFtaXQua3VudGFsMTk5N0Btb3VudGJsdWUuaW8iLCJ1c2VybmFtZSI6IkFtaXQiLCJzZXgiOiJNIiwiaWF0IjoxNTcwMTY3OTU0LCJleHAiOjE1NzAxNzE1NTR9.pVz3ky-OSq1ZUrbnK1Cyz8ysmfxytoPALieFv5fQONs
[2019-10-04T05:50:13.967Z] info /stocks/?token=eyJhbGciOiJIUzI1NiIsInR5cCI6IkpXVCJ9.eyJlbWFpbCI6ImFtaXQua3VudGFsMTk5N0Btb3VudGJsdWUuaW8iLCJ1c2VybmFtZSI6IkFtaXQiLCJzZXgiOiJNIiwiaWF0IjoxNTcwMTY3OTU0LCJleHAiOjE1NzAxNzE1NTR9.pVz3ky-OSq1ZUrbnK1Cyz8ysmfxytoPALieFv5fQONs
[2019-10-04T05:50:56.076Z] info /stocks/20MICRONS?token=eyJhbGciOiJIUzI1NiIsInR5cCI6IkpXVCJ9.eyJlbWFpbCI6ImFtaXQua3VudGFsMTk5N0Btb3VudGJsdWUuaW8iLCJ1c2VybmFtZSI6IkFtaXQiLCJzZXgiOiJNIiwiaWF0IjoxNTcwMTY3OTU0LCJleHAiOjE1NzAxNzE1NTR9.pVz3ky-OSq1ZUrbnK1Cyz8ysmfxytoPALieFv5fQONs
[2019-10-04T05:51:16.626Z] info /stocks/?token=eyJhbGciOiJIUzI1NiIsInR5cCI6IkpXVCJ9.eyJlbWFpbCI6ImFtaXQua3VudGFsMTk5N0Btb3VudGJsdWUuaW8iLCJ1c2VybmFtZSI6IkFtaXQiLCJzZXgiOiJNIiwiaWF0IjoxNTcwMTY3OTU0LCJleHAiOjE1NzAxNzE1NTR9.pVz3ky-OSq1ZUrbnK1Cyz8ysmfxytoPALieFv5fQONs
[2019-10-04T05:51:28.803Z] info /stocks/AHLUCONT?token=eyJhbGciOiJIUzI1NiIsInR5cCI6IkpXVCJ9.eyJlbWFpbCI6ImFtaXQua3VudGFsMTk5N0Btb3VudGJsdWUuaW8iLCJ1c2VybmFtZSI6IkFtaXQiLCJzZXgiOiJNIiwiaWF0IjoxNTcwMTY3OTU0LCJleHAiOjE1NzAxNzE1NTR9.pVz3ky-OSq1ZUrbnK1Cyz8ysmfxytoPALieFv5fQONs
[2019-10-04T05:51:41.234Z] info /stocks/AHLUCONT?token=eyJhbGciOiJIUzI1NiIsInR5cCI6IkpXVCJ9.eyJlbWFpbCI6ImFtaXQua3VudGFsMTk5N0Btb3VudGJsdWUuaW8iLCJ1c2VybmFtZSI6IkFtaXQiLCJzZXgiOiJNIiwiaWF0IjoxNTcwMTY3OTU0LCJleHAiOjE1NzAxNzE1NTR9.pVz3ky-OSq1ZUrbnK1Cyz8ysmfxytoPALieFv5fQONs
[2019-10-04T05:51:47.949Z] info /stocks/AHLUCONT?token=eyJhbGciOiJIUzI1NiIsInR5cCI6IkpXVCJ9.eyJlbWFpbCI6ImFtaXQua3VudGFsMTk5N0Btb3VudGJsdWUuaW8iLCJ1c2VybmFtZSI6IkFtaXQiLCJzZXgiOiJNIiwiaWF0IjoxNTcwMTY3OTU0LCJleHAiOjE1NzAxNzE1NTR9.pVz3ky-OSq1ZUrbnK1Cyz8ysmfxytoPALieFv5fQONs
[2019-10-04T06:23:20.013Z] info /stocks/1?token=eyJhbGciOiJIUzI1NiIsInR5cCI6IkpXVCJ9.eyJlbWFpbCI6ImFtaXQua3VudGFsMTk5N0Btb3VudGJsdWUuaW8iLCJ1c2VybmFtZSI6IkFtaXQiLCJzZXgiOiJNIiwiaWF0IjoxNTcwMTY3OTU0LCJleHAiOjE1NzAxNzE1NTR9.pVz3ky-OSq1ZUrbnK1Cyz8ysmfxytoPALieFv5fQONs
[2019-10-04T06:23:30.405Z] info /stocks/1?token=eyJhbGciOiJIUzI1NiIsInR5cCI6IkpXVCJ9.eyJlbWFpbCI6ImFtaXQua3VudGFsMTk5N0Btb3VudGJsdWUuaW8iLCJ1c2VybmFtZSI6IkFtaXQiLCJzZXgiOiJNIiwiaWF0IjoxNTcwMTY3OTU0LCJleHAiOjE1NzAxNzE1NTR9.pVz3ky-OSq1ZUrbnK1Cyz8ysmfxytoPALieFv5fQONs
[2019-10-04T06:23:38.798Z] info /stocks/1?token=eyJhbGciOiJIUzI1NiIsInR5cCI6IkpXVCJ9.eyJlbWFpbCI6ImFtaXQua3VudGFsMTk5N0Btb3VudGJsdWUuaW8iLCJ1c2VybmFtZSI6IkFtaXQiLCJzZXgiOiJNIiwiaWF0IjoxNTcwMTY3OTU0LCJleHAiOjE1NzAxNzE1NTR9.pVz3ky-OSq1ZUrbnK1Cyz8ysmfxytoPALieFv5fQONs
[2019-10-04T06:55:31.988Z] info /stocks/1?token=eyJhbGciOiJIUzI1NiIsInR5cCI6IkpXVCJ9.eyJlbWFpbCI6ImFtaXQua3VudGFsMTk5N0Btb3VudGJsdWUuaW8iLCJ1c2VybmFtZSI6IkFtaXQiLCJzZXgiOiJNIiwiaWF0IjoxNTcwMTcyMDM2LCJleHAiOjE1NzAxNzU2MzZ9.RxR5xD6q9oZ1o3gVpkMtvyuQvq_sRm54oysvlNNsCzo
[2019-10-04T06:56:27.101Z] info /stocks/1?token=eyJhbGciOiJIUzI1NiIsInR5cCI6IkpXVCJ9.eyJlbWFpbCI6ImFtaXQua3VudGFsMTk5N0Btb3VudGJsdWUuaW8iLCJ1c2VybmFtZSI6IkFtaXQiLCJzZXgiOiJNIiwiaWF0IjoxNTcwMTcyMDM2LCJleHAiOjE1NzAxNzU2MzZ9.RxR5xD6q9oZ1o3gVpkMtvyuQvq_sRm54oysvlNNsCzo
[2019-10-04T06:56:52.557Z] info /stocks/1?token=eyJhbGciOiJIUzI1NiIsInR5cCI6IkpXVCJ9.eyJlbWFpbCI6ImFtaXQua3VudGFsMTk5N0Btb3VudGJsdWUuaW8iLCJ1c2VybmFtZSI6IkFtaXQiLCJzZXgiOiJNIiwiaWF0IjoxNTcwMTcyMDM2LCJleHAiOjE1NzAxNzU2MzZ9.RxR5xD6q9oZ1o3gVpkMtvyuQvq_sRm54oysvlNNsCzo
[2019-10-04T06:57:12.121Z] info /stocks/1?token=eyJhbGciOiJIUzI1NiIsInR5cCI6IkpXVCJ9.eyJlbWFpbCI6ImFtaXQua3VudGFsMTk5N0Btb3VudGJsdWUuaW8iLCJ1c2VybmFtZSI6IkFtaXQiLCJzZXgiOiJNIiwiaWF0IjoxNTcwMTcyMDM2LCJleHAiOjE1NzAxNzU2MzZ9.RxR5xD6q9oZ1o3gVpkMtvyuQvq_sRm54oysvlNNsCzo
[2019-10-04T06:57:57.897Z] info /stocks/1?token=eyJhbGciOiJIUzI1NiIsInR5cCI6IkpXVCJ9.eyJlbWFpbCI6ImFtaXQua3VudGFsMTk5N0Btb3VudGJsdWUuaW8iLCJ1c2VybmFtZSI6IkFtaXQiLCJzZXgiOiJNIiwiaWF0IjoxNTcwMTcyMDM2LCJleHAiOjE1NzAxNzU2MzZ9.RxR5xD6q9oZ1o3gVpkMtvyuQvq_sRm54oysvlNNsCzo
[2019-10-04T06:58:33.767Z] info /stocks/1?token=eyJhbGciOiJIUzI1NiIsInR5cCI6IkpXVCJ9.eyJlbWFpbCI6ImFtaXQua3VudGFsMTk5N0Btb3VudGJsdWUuaW8iLCJ1c2VybmFtZSI6IkFtaXQiLCJzZXgiOiJNIiwiaWF0IjoxNTcwMTcyMDM2LCJleHAiOjE1NzAxNzU2MzZ9.RxR5xD6q9oZ1o3gVpkMtvyuQvq_sRm54oysvlNNsCzo
[2019-10-04T06:58:43.276Z] info /stocks/1?token=eyJhbGciOiJIUzI1NiIsInR5cCI6IkpXVCJ9.eyJlbWFpbCI6ImFtaXQua3VudGFsMTk5N0Btb3VudGJsdWUuaW8iLCJ1c2VybmFtZSI6IkFtaXQiLCJzZXgiOiJNIiwiaWF0IjoxNTcwMTcyMDM2LCJleHAiOjE1NzAxNzU2MzZ9.RxR5xD6q9oZ1o3gVpkMtvyuQvq_sRm54oysvlNNsCzo
[2019-10-04T06:59:19.352Z] info /stocks/1?token=eyJhbGciOiJIUzI1NiIsInR5cCI6IkpXVCJ9.eyJlbWFpbCI6ImFtaXQua3VudGFsMTk5N0Btb3VudGJsdWUuaW8iLCJ1c2VybmFtZSI6IkFtaXQiLCJzZXgiOiJNIiwiaWF0IjoxNTcwMTcyMDM2LCJleHAiOjE1NzAxNzU2MzZ9.RxR5xD6q9oZ1o3gVpkMtvyuQvq_sRm54oysvlNNsCzo
[2019-10-04T07:00:32.482Z] info /stocks/1?token=eyJhbGciOiJIUzI1NiIsInR5cCI6IkpXVCJ9.eyJlbWFpbCI6ImFtaXQua3VudGFsMTk5N0Btb3VudGJsdWUuaW8iLCJ1c2VybmFtZSI6IkFtaXQiLCJzZXgiOiJNIiwiaWF0IjoxNTcwMTcyMDM2LCJleHAiOjE1NzAxNzU2MzZ9.RxR5xD6q9oZ1o3gVpkMtvyuQvq_sRm54oysvlNNsCzo
[2019-10-04T07:01:03.665Z] info /stocks/1?token=eyJhbGciOiJIUzI1NiIsInR5cCI6IkpXVCJ9.eyJlbWFpbCI6ImFtaXQua3VudGFsMTk5N0Btb3VudGJsdWUuaW8iLCJ1c2VybmFtZSI6IkFtaXQiLCJzZXgiOiJNIiwiaWF0IjoxNTcwMTcyMDM2LCJleHAiOjE1NzAxNzU2MzZ9.RxR5xD6q9oZ1o3gVpkMtvyuQvq_sRm54oysvlNNsCzo
[2019-10-04T07:01:34.384Z] info /stocks/1?token=eyJhbGciOiJIUzI1NiIsInR5cCI6IkpXVCJ9.eyJlbWFpbCI6ImFtaXQua3VudGFsMTk5N0Btb3VudGJsdWUuaW8iLCJ1c2VybmFtZSI6IkFtaXQiLCJzZXgiOiJNIiwiaWF0IjoxNTcwMTcyMDM2LCJleHAiOjE1NzAxNzU2MzZ9.RxR5xD6q9oZ1o3gVpkMtvyuQvq_sRm54oysvlNNsCzo
[2019-10-04T07:03:54.716Z] info /stocks/1?token=eyJhbGciOiJIUzI1NiIsInR5cCI6IkpXVCJ9.eyJlbWFpbCI6ImFtaXQua3VudGFsMTk5N0Btb3VudGJsdWUuaW8iLCJ1c2VybmFtZSI6IkFtaXQiLCJzZXgiOiJNIiwiaWF0IjoxNTcwMTcyMDM2LCJleHAiOjE1NzAxNzU2MzZ9.RxR5xD6q9oZ1o3gVpkMtvyuQvq_sRm54oysvlNNsCzo
[2019-10-04T07:05:36.986Z] info /stocks/1?token=eyJhbGciOiJIUzI1NiIsInR5cCI6IkpXVCJ9.eyJlbWFpbCI6ImFtaXQua3VudGFsMTk5N0Btb3VudGJsdWUuaW8iLCJ1c2VybmFtZSI6IkFtaXQiLCJzZXgiOiJNIiwiaWF0IjoxNTcwMTcyMDM2LCJleHAiOjE1NzAxNzU2MzZ9.RxR5xD6q9oZ1o3gVpkMtvyuQvq_sRm54oysvlNNsCzo
[2019-10-04T07:08:10.361Z] info /stocks/1?token=eyJhbGciOiJIUzI1NiIsInR5cCI6IkpXVCJ9.eyJlbWFpbCI6ImFtaXQua3VudGFsMTk5N0Btb3VudGJsdWUuaW8iLCJ1c2VybmFtZSI6IkFtaXQiLCJzZXgiOiJNIiwiaWF0IjoxNTcwMTcyMDM2LCJleHAiOjE1NzAxNzU2MzZ9.RxR5xD6q9oZ1o3gVpkMtvyuQvq_sRm54oysvlNNsCzo
[2019-10-04T07:08:53.850Z] info /stocks/1?token=eyJhbGciOiJIUzI1NiIsInR5cCI6IkpXVCJ9.eyJlbWFpbCI6ImFtaXQua3VudGFsMTk5N0Btb3VudGJsdWUuaW8iLCJ1c2VybmFtZSI6IkFtaXQiLCJzZXgiOiJNIiwiaWF0IjoxNTcwMTcyMDM2LCJleHAiOjE1NzAxNzU2MzZ9.RxR5xD6q9oZ1o3gVpkMtvyuQvq_sRm54oysvlNNsCzo
[2019-10-04T07:09:15.897Z] info /stocks/1?token=eyJhbGciOiJIUzI1NiIsInR5cCI6IkpXVCJ9.eyJlbWFpbCI6ImFtaXQua3VudGFsMTk5N0Btb3VudGJsdWUuaW8iLCJ1c2VybmFtZSI6IkFtaXQiLCJzZXgiOiJNIiwiaWF0IjoxNTcwMTcyMDM2LCJleHAiOjE1NzAxNzU2MzZ9.RxR5xD6q9oZ1o3gVpkMtvyuQvq_sRm54oysvlNNsCzo
[2019-10-04T07:09:19.801Z] info /stocks/1?token=eyJhbGciOiJIUzI1NiIsInR5cCI6IkpXVCJ9.eyJlbWFpbCI6ImFtaXQua3VudGFsMTk5N0Btb3VudGJsdWUuaW8iLCJ1c2VybmFtZSI6IkFtaXQiLCJzZXgiOiJNIiwiaWF0IjoxNTcwMTcyMDM2LCJleHAiOjE1NzAxNzU2MzZ9.RxR5xD6q9oZ1o3gVpkMtvyuQvq_sRm54oysvlNNsCzo
[2019-10-04T07:10:12.161Z] info /stocks/1?token=eyJhbGciOiJIUzI1NiIsInR5cCI6IkpXVCJ9.eyJlbWFpbCI6ImFtaXQua3VudGFsMTk5N0Btb3VudGJsdWUuaW8iLCJ1c2VybmFtZSI6IkFtaXQiLCJzZXgiOiJNIiwiaWF0IjoxNTcwMTcyMDM2LCJleHAiOjE1NzAxNzU2MzZ9.RxR5xD6q9oZ1o3gVpkMtvyuQvq_sRm54oysvlNNsCzo
[2019-10-04T07:11:11.113Z] info /stocks/1?token=eyJhbGciOiJIUzI1NiIsInR5cCI6IkpXVCJ9.eyJlbWFpbCI6ImFtaXQua3VudGFsMTk5N0Btb3VudGJsdWUuaW8iLCJ1c2VybmFtZSI6IkFtaXQiLCJzZXgiOiJNIiwiaWF0IjoxNTcwMTcyMDM2LCJleHAiOjE1NzAxNzU2MzZ9.RxR5xD6q9oZ1o3gVpkMtvyuQvq_sRm54oysvlNNsCzo
[2019-10-04T07:11:47.632Z] info /stocks/1?token=eyJhbGciOiJIUzI1NiIsInR5cCI6IkpXVCJ9.eyJlbWFpbCI6ImFtaXQua3VudGFsMTk5N0Btb3VudGJsdWUuaW8iLCJ1c2VybmFtZSI6IkFtaXQiLCJzZXgiOiJNIiwiaWF0IjoxNTcwMTcyMDM2LCJleHAiOjE1NzAxNzU2MzZ9.RxR5xD6q9oZ1o3gVpkMtvyuQvq_sRm54oysvlNNsCzo
[2019-10-04T07:12:44.677Z] info /stocks/1?token=eyJhbGciOiJIUzI1NiIsInR5cCI6IkpXVCJ9.eyJlbWFpbCI6ImFtaXQua3VudGFsMTk5N0Btb3VudGJsdWUuaW8iLCJ1c2VybmFtZSI6IkFtaXQiLCJzZXgiOiJNIiwiaWF0IjoxNTcwMTcyMDM2LCJleHAiOjE1NzAxNzU2MzZ9.RxR5xD6q9oZ1o3gVpkMtvyuQvq_sRm54oysvlNNsCzo
[2019-10-04T08:40:46.292Z] info /stocks/1?token=eyJhbGciOiJIUzI1NiIsInR5cCI6IkpXVCJ9.eyJlbWFpbCI6ImFtaXQua3VudGFsMTk5N0Btb3VudGJsdWUuaW8iLCJ1c2VybmFtZSI6IkFtaXQiLCJzZXgiOiJNIiwiaWF0IjoxNTcwMTc4NDI0LCJleHAiOjE1NzAxODIwMjR9.nOr7ODa4_U8Dgs5eUl435_5sG6z9xObH80wo7ugvCv4
[2019-10-04T08:41:34.997Z] info /stocks/1?token=eyJhbGciOiJIUzI1NiIsInR5cCI6IkpXVCJ9.eyJlbWFpbCI6ImFtaXQua3VudGFsMTk5N0Btb3VudGJsdWUuaW8iLCJ1c2VybmFtZSI6IkFtaXQiLCJzZXgiOiJNIiwiaWF0IjoxNTcwMTc4NDI0LCJleHAiOjE1NzAxODIwMjR9.nOr7ODa4_U8Dgs5eUl435_5sG6z9xObH80wo7ugvCv4
[2019-10-04T08:42:12.435Z] info /stocks/1?token=eyJhbGciOiJIUzI1NiIsInR5cCI6IkpXVCJ9.eyJlbWFpbCI6ImFtaXQua3VudGFsMTk5N0Btb3VudGJsdWUuaW8iLCJ1c2VybmFtZSI6IkFtaXQiLCJzZXgiOiJNIiwiaWF0IjoxNTcwMTc4NDI0LCJleHAiOjE1NzAxODIwMjR9.nOr7ODa4_U8Dgs5eUl435_5sG6z9xObH80wo7ugvCv4
[2019-10-04T08:43:18.391Z] info /stocks/1?token=eyJhbGciOiJIUzI1NiIsInR5cCI6IkpXVCJ9.eyJlbWFpbCI6ImFtaXQua3VudGFsMTk5N0Btb3VudGJsdWUuaW8iLCJ1c2VybmFtZSI6IkFtaXQiLCJzZXgiOiJNIiwiaWF0IjoxNTcwMTc4NDI0LCJleHAiOjE1NzAxODIwMjR9.nOr7ODa4_U8Dgs5eUl435_5sG6z9xObH80wo7ugvCv4
[2019-10-04T08:43:59.715Z] info /stocks/1?token=eyJhbGciOiJIUzI1NiIsInR5cCI6IkpXVCJ9.eyJlbWFpbCI6ImFtaXQua3VudGFsMTk5N0Btb3VudGJsdWUuaW8iLCJ1c2VybmFtZSI6IkFtaXQiLCJzZXgiOiJNIiwiaWF0IjoxNTcwMTc4NDI0LCJleHAiOjE1NzAxODIwMjR9.nOr7ODa4_U8Dgs5eUl435_5sG6z9xObH80wo7ugvCv4
[2019-10-04T08:44:11.906Z] info /stocks/1?token=eyJhbGciOiJIUzI1NiIsInR5cCI6IkpXVCJ9.eyJlbWFpbCI6ImFtaXQua3VudGFsMTk5N0Btb3VudGJsdWUuaW8iLCJ1c2VybmFtZSI6IkFtaXQiLCJzZXgiOiJNIiwiaWF0IjoxNTcwMTc4NDI0LCJleHAiOjE1NzAxODIwMjR9.nOr7ODa4_U8Dgs5eUl435_5sG6z9xObH80wo7ugvCv4
[2019-10-04T08:48:19.584Z] info /stocks?token=eyJhbGciOiJIUzI1NiIsInR5cCI6IkpXVCJ9.eyJlbWFpbCI6ImFtaXQua3VudGFsMTk5N0Btb3VudGJsdWUuaW8iLCJ1c2VybmFtZSI6IkFtaXQiLCJzZXgiOiJNIiwiaWF0IjoxNTcwMTc4NDI0LCJleHAiOjE1NzAxODIwMjR9.nOr7ODa4_U8Dgs5eUl435_5sG6z9xObH80wo7ugvCv4
[2019-10-04T08:48:28.358Z] info /stocks?token=eyJhbGciOiJIUzI1NiIsInR5cCI6IkpXVCJ9.eyJlbWFpbCI6ImFtaXQua3VudGFsMTk5N0Btb3VudGJsdWUuaW8iLCJ1c2VybmFtZSI6IkFtaXQiLCJzZXgiOiJNIiwiaWF0IjoxNTcwMTc4NDI0LCJleHAiOjE1NzAxODIwMjR9.nOr7ODa4_U8Dgs5eUl435_5sG6z9xObH80wo7ugvCv4
[2019-10-04T08:48:44.602Z] info /stocks?token=eyJhbGciOiJIUzI1NiIsInR5cCI6IkpXVCJ9.eyJlbWFpbCI6ImFtaXQua3VudGFsMTk5N0Btb3VudGJsdWUuaW8iLCJ1c2VybmFtZSI6IkFtaXQiLCJzZXgiOiJNIiwiaWF0IjoxNTcwMTc4NDI0LCJleHAiOjE1NzAxODIwMjR9.nOr7ODa4_U8Dgs5eUl435_5sG6z9xObH80wo7ugvCv4
[2019-10-04T08:48:51.593Z] info /stocks?token=eyJhbGciOiJIUzI1NiIsInR5cCI6IkpXVCJ9.eyJlbWFpbCI6ImFtaXQua3VudGFsMTk5N0Btb3VudGJsdWUuaW8iLCJ1c2VybmFtZSI6IkFtaXQiLCJzZXgiOiJNIiwiaWF0IjoxNTcwMTc4NDI0LCJleHAiOjE1NzAxODIwMjR9.nOr7ODa4_U8Dgs5eUl435_5sG6z9xObH80wo7ugvCv4
[2019-10-04T08:49:18.524Z] info /stocks?token=eyJhbGciOiJIUzI1NiIsInR5cCI6IkpXVCJ9.eyJlbWFpbCI6ImFtaXQua3VudGFsMTk5N0Btb3VudGJsdWUuaW8iLCJ1c2VybmFtZSI6IkFtaXQiLCJzZXgiOiJNIiwiaWF0IjoxNTcwMTc4NDI0LCJleHAiOjE1NzAxODIwMjR9.nOr7ODa4_U8Dgs5eUl435_5sG6z9xObH80wo7ugvCv4
[2019-10-04T08:49:22.828Z] info /stocks?token=eyJhbGciOiJIUzI1NiIsInR5cCI6IkpXVCJ9.eyJlbWFpbCI6ImFtaXQua3VudGFsMTk5N0Btb3VudGJsdWUuaW8iLCJ1c2VybmFtZSI6IkFtaXQiLCJzZXgiOiJNIiwiaWF0IjoxNTcwMTc4NDI0LCJleHAiOjE1NzAxODIwMjR9.nOr7ODa4_U8Dgs5eUl435_5sG6z9xObH80wo7ugvCv4
[2019-10-04T08:50:32.811Z] info /stocks/140?token=eyJhbGciOiJIUzI1NiIsInR5cCI6IkpXVCJ9.eyJlbWFpbCI6ImFtaXQua3VudGFsMTk5N0Btb3VudGJsdWUuaW8iLCJ1c2VybmFtZSI6IkFtaXQiLCJzZXgiOiJNIiwiaWF0IjoxNTcwMTc4NDI0LCJleHAiOjE1NzAxODIwMjR9.nOr7ODa4_U8Dgs5eUl435_5sG6z9xObH80wo7ugvCv4
[2019-10-04T08:51:08.898Z] info /stocks/139?token=eyJhbGciOiJIUzI1NiIsInR5cCI6IkpXVCJ9.eyJlbWFpbCI6ImFtaXQua3VudGFsMTk5N0Btb3VudGJsdWUuaW8iLCJ1c2VybmFtZSI6IkFtaXQiLCJzZXgiOiJNIiwiaWF0IjoxNTcwMTc4NDI0LCJleHAiOjE1NzAxODIwMjR9.nOr7ODa4_U8Dgs5eUl435_5sG6z9xObH80wo7ugvCv4
[2019-10-04T08:51:14.619Z] info /stocks/139?token=eyJhbGciOiJIUzI1NiIsInR5cCI6IkpXVCJ9.eyJlbWFpbCI6ImFtaXQua3VudGFsMTk5N0Btb3VudGJsdWUuaW8iLCJ1c2VybmFtZSI6IkFtaXQiLCJzZXgiOiJNIiwiaWF0IjoxNTcwMTc4NDI0LCJleHAiOjE1NzAxODIwMjR9.nOr7ODa4_U8Dgs5eUl435_5sG6z9xObH80wo7ugvCv4
[2019-10-04T08:52:45.585Z] info /stocks/130?token=eyJhbGciOiJIUzI1NiIsInR5cCI6IkpXVCJ9.eyJlbWFpbCI6ImFtaXQua3VudGFsMTk5N0Btb3VudGJsdWUuaW8iLCJ1c2VybmFtZSI6IkFtaXQiLCJzZXgiOiJNIiwiaWF0IjoxNTcwMTc4NDI0LCJleHAiOjE1NzAxODIwMjR9.nOr7ODa4_U8Dgs5eUl435_5sG6z9xObH80wo7ugvCv4
[2019-10-04T08:52:58.927Z] info /compnies/21STCENMGM?token=eyJhbGciOiJIUzI1NiIsInR5cCI6IkpXVCJ9.eyJlbWFpbCI6ImFtaXQua3VudGFsMTk5N0Btb3VudGJsdWUuaW8iLCJ1c2VybmFtZSI6IkFtaXQiLCJzZXgiOiJNIiwiaWF0IjoxNTcwMTc4NDI0LCJleHAiOjE1NzAxODIwMjR9.nOr7ODa4_U8Dgs5eUl435_5sG6z9xObH80wo7ugvCv4
[2019-10-04T08:52:58.928Z] error undefined
[2019-10-04T08:53:01.504Z] info /compnies/21STCENMGM?token=eyJhbGciOiJIUzI1NiIsInR5cCI6IkpXVCJ9.eyJlbWFpbCI6ImFtaXQua3VudGFsMTk5N0Btb3VudGJsdWUuaW8iLCJ1c2VybmFtZSI6IkFtaXQiLCJzZXgiOiJNIiwiaWF0IjoxNTcwMTc4NDI0LCJleHAiOjE1NzAxODIwMjR9.nOr7ODa4_U8Dgs5eUl435_5sG6z9xObH80wo7ugvCv4
[2019-10-04T08:53:01.505Z] error undefined
[2019-10-04T08:53:02.963Z] info /compnies/21STCENMGM?token=eyJhbGciOiJIUzI1NiIsInR5cCI6IkpXVCJ9.eyJlbWFpbCI6ImFtaXQua3VudGFsMTk5N0Btb3VudGJsdWUuaW8iLCJ1c2VybmFtZSI6IkFtaXQiLCJzZXgiOiJNIiwiaWF0IjoxNTcwMTc4NDI0LCJleHAiOjE1NzAxODIwMjR9.nOr7ODa4_U8Dgs5eUl435_5sG6z9xObH80wo7ugvCv4
[2019-10-04T08:53:02.964Z] error undefined
[2019-10-04T08:53:55.384Z] info /compnies/21STCENMGM?token=eyJhbGciOiJIUzI1NiIsInR5cCI6IkpXVCJ9.eyJlbWFpbCI6ImFtaXQua3VudGFsMTk5N0Btb3VudGJsdWUuaW8iLCJ1c2VybmFtZSI6IkFtaXQiLCJzZXgiOiJNIiwiaWF0IjoxNTcwMTc4NDI0LCJleHAiOjE1NzAxODIwMjR9.nOr7ODa4_U8Dgs5eUl435_5sG6z9xObH80wo7ugvCv4
[2019-10-04T08:53:55.385Z] error undefined
[2019-10-04T08:54:03.379Z] info /compnies?token=eyJhbGciOiJIUzI1NiIsInR5cCI6IkpXVCJ9.eyJlbWFpbCI6ImFtaXQua3VudGFsMTk5N0Btb3VudGJsdWUuaW8iLCJ1c2VybmFtZSI6IkFtaXQiLCJzZXgiOiJNIiwiaWF0IjoxNTcwMTc4NDI0LCJleHAiOjE1NzAxODIwMjR9.nOr7ODa4_U8Dgs5eUl435_5sG6z9xObH80wo7ugvCv4
[2019-10-04T08:54:03.379Z] error undefined
[2019-10-04T08:54:21.448Z] info /companies?token=eyJhbGciOiJIUzI1NiIsInR5cCI6IkpXVCJ9.eyJlbWFpbCI6ImFtaXQua3VudGFsMTk5N0Btb3VudGJsdWUuaW8iLCJ1c2VybmFtZSI6IkFtaXQiLCJzZXgiOiJNIiwiaWF0IjoxNTcwMTc4NDI0LCJleHAiOjE1NzAxODIwMjR9.nOr7ODa4_U8Dgs5eUl435_5sG6z9xObH80wo7ugvCv4
[2019-10-04T08:54:29.612Z] info /companies/20MICRONS?token=eyJhbGciOiJIUzI1NiIsInR5cCI6IkpXVCJ9.eyJlbWFpbCI6ImFtaXQua3VudGFsMTk5N0Btb3VudGJsdWUuaW8iLCJ1c2VybmFtZSI6IkFtaXQiLCJzZXgiOiJNIiwiaWF0IjoxNTcwMTc4NDI0LCJleHAiOjE1NzAxODIwMjR9.nOr7ODa4_U8Dgs5eUl435_5sG6z9xObH80wo7ugvCv4
[2019-10-04T09:10:30.074Z] info /stocks/1?token=eyJhbGciOiJIUzI1NiIsInR5cCI6IkpXVCJ9.eyJlbWFpbCI6ImFtaXQua3VudGFsMTk5N0Btb3VudGJsdWUuaW8iLCJ1c2VybmFtZSI6IkFtaXQiLCJzZXgiOiJNIiwiaWF0IjoxNTcwMTc4NDI0LCJleHAiOjE1NzAxODIwMjR9.nOr7ODa4_U8Dgs5eUl435_5sG6z9xObH80wo7ugvCv4
[2019-10-04T09:10:47.097Z] info /stocks/1?token=eyJhbGciOiJIUzI1NiIsInR5cCI6IkpXVCJ9.eyJlbWFpbCI6ImFtaXQua3VudGFsMTk5N0Btb3VudGJsdWUuaW8iLCJ1c2VybmFtZSI6IkFtaXQiLCJzZXgiOiJNIiwiaWF0IjoxNTcwMTc4NDI0LCJleHAiOjE1NzAxODIwMjR9.nOr7ODa4_U8Dgs5eUl435_5sG6z9xObH80wo7ugvCv4
[2019-10-04T09:17:29.468Z] info /companies?token=eyJhbGciOiJIUzI1NiIsInR5cCI6IkpXVCJ9.eyJlbWFpbCI6ImFtaXQua3VudGFsMTk5N0Btb3VudGJsdWUuaW8iLCJ1c2VybmFtZSI6IkFtaXQiLCJzZXgiOiJNIiwiaWF0IjoxNTcwMTc4NDI0LCJleHAiOjE1NzAxODIwMjR9.nOr7ODa4_U8Dgs5eUl435_5sG6z9xObH80wo7ugvCv4
[2019-10-04T09:17:52.121Z] info /companies?token=eyJhbGciOiJIUzI1NiIsInR5cCI6IkpXVCJ9.eyJlbWFpbCI6ImFtaXQua3VudGFsMTk5N0Btb3VudGJsdWUuaW8iLCJ1c2VybmFtZSI6IkFtaXQiLCJzZXgiOiJNIiwiaWF0IjoxNTcwMTc4NDI0LCJleHAiOjE1NzAxODIwMjR9.nOr7ODa4_U8Dgs5eUl435_5sG6z9xObH80wo7ugvCv4
[2019-10-04T09:18:02.608Z] info /companies?token=eyJhbGciOiJIUzI1NiIsInR5cCI6IkpXVCJ9.eyJlbWFpbCI6ImFtaXQua3VudGFsMTk5N0Btb3VudGJsdWUuaW8iLCJ1c2VybmFtZSI6IkFtaXQiLCJzZXgiOiJNIiwiaWF0IjoxNTcwMTc4NDI0LCJleHAiOjE1NzAxODIwMjR9.nOr7ODa4_U8Dgs5eUl435_5sG6z9xObH80wo7ugvCv4
[2019-10-04T09:18:25.025Z] info /companies?token=eyJhbGciOiJIUzI1NiIsInR5cCI6IkpXVCJ9.eyJlbWFpbCI6ImFtaXQua3VudGFsMTk5N0Btb3VudGJsdWUuaW8iLCJ1c2VybmFtZSI6IkFtaXQiLCJzZXgiOiJNIiwiaWF0IjoxNTcwMTc4NDI0LCJleHAiOjE1NzAxODIwMjR9.nOr7ODa4_U8Dgs5eUl435_5sG6z9xObH80wo7ugvCv4
[2019-10-04T09:18:35.657Z] info /companies?token=eyJhbGciOiJIUzI1NiIsInR5cCI6IkpXVCJ9.eyJlbWFpbCI6ImFtaXQua3VudGFsMTk5N0Btb3VudGJsdWUuaW8iLCJ1c2VybmFtZSI6IkFtaXQiLCJzZXgiOiJNIiwiaWF0IjoxNTcwMTc4NDI0LCJleHAiOjE1NzAxODIwMjR9.nOr7ODa4_U8Dgs5eUl435_5sG6z9xObH80wo7ugvCv4
[2019-10-04T09:18:44.719Z] info /companies?token=eyJhbGciOiJIUzI1NiIsInR5cCI6IkpXVCJ9.eyJlbWFpbCI6ImFtaXQua3VudGFsMTk5N0Btb3VudGJsdWUuaW8iLCJ1c2VybmFtZSI6IkFtaXQiLCJzZXgiOiJNIiwiaWF0IjoxNTcwMTc4NDI0LCJleHAiOjE1NzAxODIwMjR9.nOr7ODa4_U8Dgs5eUl435_5sG6z9xObH80wo7ugvCv4
[2019-10-04T09:18:52.486Z] info /companies?token=eyJhbGciOiJIUzI1NiIsInR5cCI6IkpXVCJ9.eyJlbWFpbCI6ImFtaXQua3VudGFsMTk5N0Btb3VudGJsdWUuaW8iLCJ1c2VybmFtZSI6IkFtaXQiLCJzZXgiOiJNIiwiaWF0IjoxNTcwMTc4NDI0LCJleHAiOjE1NzAxODIwMjR9.nOr7ODa4_U8Dgs5eUl435_5sG6z9xObH80wo7ugvCv4
[2019-10-04T09:27:33.217Z] info /compaies/20MICRONS?token=eyJhbGciOiJIUzI1NiIsInR5cCI6IkpXVCJ9.eyJlbWFpbCI6ImFtaXQua3VudGFsMTk5N0Btb3VudGJsdWUuaW8iLCJ1c2VybmFtZSI6IkFtaXQiLCJzZXgiOiJNIiwiaWF0IjoxNTcwMTc4NDI0LCJleHAiOjE1NzAxODIwMjR9.nOr7ODa4_U8Dgs5eUl435_5sG6z9xObH80wo7ugvCv4
[2019-10-04T09:27:33.219Z] error undefined
